<?xml version="1.0" encoding="UTF-8"?>
<testng-results skipped="0" failed="0" ignored="0" total="1" passed="1">
  <reporter-output>
  </reporter-output>
  <suite name="All Test Suite" duration-ms="5811" started-at="2022-02-15T15:32:34 MSK" finished-at="2022-02-15T15:32:40 MSK">
    <groups>
    </groups>
    <test name="D:/TESTS/example-selenium-java" duration-ms="5811" started-at="2022-02-15T15:32:34 MSK" finished-at="2022-02-15T15:32:40 MSK">
      <class name="test.searchapartment.SearchApartmentTest">
        <test-method status="PASS" signature="checkIsRedirectToListing()[pri:0, instance:test.searchapartment.SearchApartmentTest@d5e575c]" name="checkIsRedirectToListing" duration-ms="5586" started-at="2022-02-15T15:32:34 MSK" finished-at="2022-02-15T15:32:40 MSK">
          <reporter-output>
          </reporter-output>
        </test-method> <!-- checkIsRedirectToListing -->
        <test-method status="PASS" signature="clearCookiesAndLocalStorage()[pri:0, instance:test.searchapartment.SearchApartmentTest@d5e575c]" name="clearCookiesAndLocalStorage" is-config="true" duration-ms="130" started-at="2022-02-15T15:32:40 MSK" finished-at="2022-02-15T15:32:40 MSK">
          <reporter-output>
          </reporter-output>
        </test-method> <!-- clearCookiesAndLocalStorage -->
        <test-method status="PASS" signature="closeBrowser()[pri:0, instance:test.searchapartment.SearchApartmentTest@d5e575c]" name="closeBrowser" is-config="true" duration-ms="625" started-at="2022-02-15T15:32:40 MSK" finished-at="2022-02-15T15:32:41 MSK">
          <reporter-output>
          </reporter-output>
        </test-method> <!-- closeBrowser -->
      </class> <!-- test.searchapartment.SearchApartmentTest -->
    </test> <!-- D:/TESTS/example-selenium-java -->
  </suite> <!-- All Test Suite -->
</testng-results>
